#{"solver": {"engine": {"type": "ExactEngine"}, "semiring": "GraphSemiring"}, "networks": [{"name": "mnist_net", "module": "MNIST_Net(\n  (softmax): Softmax(dim=1)\n  (encoder): Sequential(\n    (0): Conv2d(1, 6, kernel_size=(5, 5), stride=(1, 1))\n    (1): MaxPool2d(kernel_size=2, stride=2, padding=0, dilation=1, ceil_mode=False)\n    (2): ReLU(inplace=True)\n    (3): Conv2d(6, 16, kernel_size=(5, 5), stride=(1, 1))\n    (4): MaxPool2d(kernel_size=2, stride=2, padding=0, dilation=1, ceil_mode=False)\n    (5): ReLU(inplace=True)\n  )\n  (classifier): Sequential(\n    (0): Linear(in_features=256, out_features=120, bias=True)\n    (1): ReLU()\n    (2): Linear(in_features=120, out_features=84, bias=True)\n    (3): ReLU()\n    (4): Linear(in_features=84, out_features=10, bias=True)\n  )\n)", "optimizer": "Adam (\nParameter Group 0\n    amsgrad: False\n    betas: (0.9, 0.999)\n    capturable: False\n    differentiable: False\n    eps: 1e-08\n    foreach: None\n    fused: None\n    lr: 0.001\n    maximize: False\n    weight_decay: 0\n)", "k": null}], "program": "nn(mnist_net,[X],Y,[0, 1, 2, 3, 4, 5, 6, 7, 8, 9])::digit(X,Y).\nnumber([],Result,Result).\nnumber([H | T],Acc,Result) :- digit(H,Nr), Acc2 is Nr+10*Acc, number(T,Acc2,Result).\nnumber(X,Y) :- number(X,0,Y).\nmulti_addition(X,Y,Z) :- number(X,X2), number(Y,Y2), Z is X2+Y2.\naddition(X,Y,Z) :- digit(X,X2), digit(Y,Y2), Z is X2+Y2.\n"}
#Accuracy 0.961
i,time,loss,ground_time,compile_time,eval_time,total_iter_time
100,1.76472806930542,2.765678826570511,0.0071729826927185054,0.015321513414382934,0.004770373106002808,0.027264869213104247
200,3.0156400203704834,2.6681878274679183,0.007237426042556763,0.015478817224502563,0.004767053127288819,0.027483296394348145
300,4.276007890701294,2.457009416818619,0.007267920970916748,0.015478390455245971,0.0047916388511657715,0.027537950277328492
400,5.545429944992065,2.0754087859392167,0.007244952917098999,0.015483880043029785,0.00482224702835083,0.027551079988479613
500,6.79365611076355,1.3452234997408232,0.007194142341613769,0.015489407777786256,0.004648929834365845,0.027332479953765868
600,8.016969919204712,0.7537027933180798,0.007285375595092774,0.015472346544265747,0.004461543560028076,0.027219265699386597
700,9.318745851516724,0.7260253195869154,0.0072658717632293705,0.015477184057235718,0.00436240553855896,0.027105461359024047
800,10.489919900894165,0.5910240732032981,0.007232652902603149,0.015478905439376831,0.004342511892318725,0.027054070234298705
900,11.654891967773438,0.5779195633044583,0.007231638431549072,0.01548355221748352,0.004290742874145508,0.0270059335231781
1000,12.824518918991089,0.4500419371704629,0.007227249145507812,0.01547855257987976,0.0043512749671936034,0.027057076692581176
1100,13.952548742294312,0.41113850703884963,0.007190386056900025,0.015495786666870117,0.004142801761627197,0.02682897448539734
1200,15.078611850738525,0.4024799496697233,0.007259930372238159,0.015467606782913208,0.004109281301498413,0.02683681845664978
1300,16.227674961090088,0.37614154455754034,0.0072449791431427,0.015486099720001222,0.0041938436031341555,0.026924922466278076
1400,17.326722145080566,0.4233187104492158,0.0072054600715637206,0.015490776300430298,0.004002504348754883,0.0266987407207489
1500,18.508450984954834,0.4236028579896083,0.007220094203948975,0.01549705743789673,0.00434354305267334,0.027060694694519043
1600,19.600292921066284,0.21342191625145868,0.007234863042831421,0.015473542213439941,0.003972568511962891,0.026680973768234254
1700,20.68615984916687,0.288523735654212,0.007235182523727417,0.015487109422683715,0.003937921524047852,0.026660213470458983
1800,21.782787799835205,0.40699842992577034,0.007250734567642212,0.015487197637557983,0.004057811498641968,0.026795743703842162
1900,22.86325192451477,0.3368111241825804,0.007280888557434082,0.015477464199066163,0.003906428813934326,0.02666478157043457
2000,23.91201400756836,0.32634220781559137,0.007251418828964233,0.01546697974205017,0.0038380372524261476,0.02655643582344055
2100,24.98983597755432,0.3277280597554263,0.007234153747558594,0.015471694469451904,0.0039020836353302,0.0266079318523407
2200,26.078969955444336,0.5110769214438824,0.00721016526222229,0.015490319728851318,0.003962284326553345,0.026662769317626952
2300,27.190212965011597,0.30688751517907803,0.007312716245651245,0.015457980632781983,0.00402421236038208,0.026794909238815307
2400,28.31338906288147,0.35610387410206384,0.007277154922485351,0.015474207401275634,0.004115738868713379,0.026867101192474364
2500,29.3711040019989,0.1594575178070909,0.007233004570007324,0.015481160879135132,0.003837432861328125,0.026551598310470582
2600,30.43350887298584,0.29507419522715284,0.007266855239868164,0.015467208623886109,0.0038140404224395754,0.02654810428619385
2700,31.434265851974487,0.1827663232284417,0.007243584394454956,0.015478649139404298,0.0035418617725372315,0.026264095306396486
2800,32.428656816482544,0.30021637600130946,0.007259794473648071,0.015481610298156739,0.0035684597492218017,0.026309864521026613
2900,33.46663284301758,0.24414961582252953,0.007210339307785034,0.015490771532058715,0.0037237048149108888,0.02642481565475464
3000,34.58882999420166,0.2911385690363477,0.007276514768600464,0.01546030044555664,0.004069401025772095,0.0268062162399292
3100,35.64418411254883,0.19107571007889418,0.007219620943069458,0.015483860969543456,0.003785679340362549,0.026489161252975464
3200,36.680371046066284,0.2791360002551514,0.007232081890106201,0.015472030639648438,0.0037297189235687258,0.026433831453323363
3300,37.77648210525513,0.3447649406550363,0.007213889360427856,0.015490710735321045,0.003924257755279541,0.02662885785102844
3400,38.79107403755188,0.19680782033435115,0.0072261404991149905,0.015483261346817016,0.0036176085472106934,0.0263270103931427
3500,39.86484408378601,0.2696463446934094,0.007239154577255249,0.015486686229705811,0.003865026235580444,0.026590867042541502
3600,40.890076875686646,0.28528226776981636,0.0072291183471679685,0.015487838983535767,0.0037024831771850586,0.026419440507888792
3700,41.96157479286194,0.3312975938385121,0.007271876335144043,0.015477501153945923,0.003883852958679199,0.026633230447769166
3800,42.97213292121887,0.15258084203539782,0.007248216867446899,0.015479298830032349,0.0036152493953704834,0.026342765092849732
3900,43.98556995391846,0.2071089949301386,0.007264019250869751,0.01547598123550415,0.0036205756664276123,0.026360576152801515
4000,45.0443971157074,0.31432170719434,0.00722023606300354,0.015487866401672363,0.003834861516952515,0.026542963981628417
4100,46.080360889434814,0.23516645220605825,0.0072646081447601315,0.015481964349746705,0.003754246234893799,0.026500818729400636
4200,47.135995864868164,0.23205477197236588,0.007227513790130615,0.015494401454925538,0.003833026885986328,0.02655494213104248
4300,48.208826780319214,0.2033863495301316,0.007257143259048462,0.01547318696975708,0.0038827753067016604,0.026613105535507203
4400,49.275635957717896,0.39435818134081585,0.007234348058700562,0.015487302541732789,0.0038562417030334473,0.026577892303466796
4500,50.38907289505005,0.22809635601656736,0.007287713289260864,0.015462948083877564,0.004019016027450561,0.026769677400588988
4600,51.410632848739624,0.17114322950729227,0.007213028669357299,0.015489629507064819,0.0036861252784729003,0.02638878345489502
4700,52.416849851608276,0.185879222488064,0.007279583215713501,0.015463314056396484,0.0036246895790100096,0.026367586851119996
4800,53.428800106048584,0.1890301467499221,0.007287008762359619,0.015460481643676758,0.003668302297592163,0.02641579270362854
4900,54.47718286514282,0.24879459922560274,0.007240504026412964,0.01548068881034851,0.0038214921951293945,0.02654268503189087
5000,55.45308494567871,0.16560751948428248,0.007288711071014404,0.01546847701072693,0.0035200250148773194,0.02627721309661865
5100,56.57124614715576,0.2954421135185557,0.007267260551452636,0.015481280088424683,0.003840888738632202,0.02658942937850952
5200,57.78758502006531,0.19495614357620525,0.007245588302612305,0.015484488010406494,0.003761100769042969,0.02649117708206177
5300,58.80007600784302,0.08577168172461644,0.007229468822479248,0.015491381883621216,0.00367209792137146,0.026392948627471925
5400,59.788191080093384,0.09079898951787754,0.007260113954544067,0.015480825901031494,0.0035147547721862795,0.026255694627761842
5500,60.711365938186646,0.14536527800401974,0.007291115522384643,0.01546008586883545,0.0032393860816955565,0.02599058747291565
5600,61.6578528881073,0.16386660418823837,0.007249189615249634,0.015479749441146851,0.0033977770805358886,0.026126716136932373
5700,62.655919790267944,0.2633710003069602,0.007264766693115234,0.015473202466964722,0.0035950696468353273,0.026333038806915284
5800,63.65876507759094,0.17981480307195077,0.0072498714923858645,0.015483697652816772,0.0036223840713500975,0.026355953216552735
5900,64.6454689502716,0.0857601075690941,0.007200620174407959,0.015501594543457032,0.00349997878074646,0.02620219349861145
6000,65.6202278137207,0.20153700311924488,0.007255009412765503,0.015476125478744506,0.0035104310512542726,0.02624156594276428
6100,66.60950994491577,0.112199957868077,0.007267626523971557,0.015476738214492797,0.003550804853439331,0.026295169591903686
6200,67.57522797584534,0.15318031225346648,0.007266402244567871,0.015475928783416748,0.003450822830200195,0.026193153858184815
6300,68.56454396247864,0.21632692281111685,0.007310926914215088,0.01547213912010193,0.0035049545764923094,0.026288020610809325
6400,69.49580192565918,0.17064182943701298,0.007258710861206055,0.015474704504013061,0.0033104658126831056,0.026043881177902222
6500,70.48050999641418,0.23855872406761908,0.007238399982452392,0.015490219593048096,0.0035076189041137696,0.026236238479614257
6600,71.46822500228882,0.1336851784991625,0.007307900190353394,0.015470827817916871,0.003564305305480957,0.02634303331375122
6700,72.5243878364563,0.4615068286218593,0.0072529327869415286,0.015488983392715453,0.0038480448722839357,0.02658996105194092
6800,73.5705931186676,0.2281780040315016,0.007230479717254639,0.015480043888092042,0.0038092207908630373,0.026519744396209716
6900,74.59047198295593,0.1995913361366729,0.007244473695755005,0.015481373071670532,0.003650459051132202,0.026376305818557738
7000,75.60065984725952,0.10288639047780133,0.007239644527435303,0.015484607219696045,0.0036066937446594238,0.026330945491790773
7100,76.58812999725342,0.2211990915231986,0.007234512567520141,0.015470083951950073,0.003528083562850952,0.02623268008232117
7200,77.60630083084106,0.2256465210719216,0.0072469723224639895,0.015479360818862914,0.0037140679359436036,0.026440401077270508
7300,78.62022614479065,0.1527031246168358,0.007305577993392944,0.01545975923538208,0.0036459803581237794,0.026411317586898804
7400,79.55553102493286,0.1429204484101917,0.007259294986724853,0.015474005937576293,0.0033156812191009522,0.0260489821434021
7500,80.54906606674194,0.193590854593626,0.007260504961013794,0.015484681129455566,0.0035317659378051756,0.026276952028274535
7600,81.47652983665466,0.16994219693482626,0.007291322946548462,0.01546868920326233,0.0032811450958251955,0.026041157245635986
7700,82.4285318851471,0.2132302763131461,0.007215498685836792,0.01549216628074646,0.003407663106918335,0.026115328073501587
7800,83.39424300193787,0.31388582536525517,0.007233489751815796,0.015486243963241577,0.003438938856124878,0.02615867257118225
7900,84.37549185752869,0.13454045355346758,0.007260291576385498,0.015471602678298951,0.003523097038269043,0.02625499129295349
8000,85.34304213523865,0.23675465922419012,0.007259783744812012,0.015481683015823365,0.0034516727924346923,0.02619313955307007
8100,86.32101607322693,0.19302311735368355,0.007227790355682373,0.015489941835403443,0.003517872095108032,0.02623560428619385
8200,87.29997992515564,0.19533341231551368,0.007272137403488159,0.015479832887649536,0.003480405807495117,0.026232376098632812
8300,88.30822896957397,0.12586099515923116,0.007233889102935791,0.015483391284942628,0.0036001682281494142,0.026317448616027833
8400,89.25303816795349,0.14941066835591613,0.007223883867263794,0.015483050346374512,0.0033158576488494873,0.026022791862487793
8500,90.19518494606018,0.11779748405927147,0.007228943109512329,0.015486271381378173,0.0032921862602233887,0.026007400751113893
8600,91.12340188026428,0.11085585287667116,0.0072447586059570315,0.01548717737197876,0.0032703089714050293,0.026002244949340822
8700,92.08359289169312,0.24403307433346516,0.007252119779586792,0.015489546060562133,0.0034292244911193846,0.02617089033126831
8800,93.10507607460022,0.24948077792320192,0.007263199090957641,0.015465675592422486,0.0036548066139221193,0.026383681297302244
8900,94.05475997924805,0.10326640248600277,0.007245658636093139,0.015491950511932372,0.003377293348312378,0.02611490249633789
9000,95.14131999015808,0.20775452643491854,0.007258440256118774,0.01547083854675293,0.0037784385681152344,0.02650771737098694
9100,96.14974784851074,0.1523184918746142,0.0072211349010467525,0.015487372875213623,0.00354205846786499,0.026250566244125365
9200,97.11319613456726,0.17358611340549893,0.007244124412536621,0.015492676496505738,0.003380246162414551,0.02611704707145691
9300,98.11846494674683,0.2029144889407398,0.007239221334457397,0.015486880540847778,0.0035444486141204836,0.02627055048942566
9400,99.097482919693,0.18101798606841588,0.007266900539398193,0.015479058027267456,0.003500192165374756,0.026246150732040407
9500,100.04879903793335,0.16524217332875274,0.007213236093521118,0.01547795295715332,0.00336081862449646,0.026052007675170897
9600,100.97512698173523,0.09313468104515352,0.007227131128311157,0.015492067337036133,0.0032654690742492678,0.025984667539596558
9700,101.91139197349548,0.22542968941987915,0.007252514362335205,0.015479873418807983,0.0033157563209533693,0.02604814410209656
9800,102.84460496902466,0.06411606935276648,0.007234684228897095,0.015484132766723634,0.00332008957862854,0.026038906574249267
9900,103.8455491065979,0.25381323413848855,0.007259271144866943,0.01548500418663025,0.0035795104503631592,0.026323785781860353
10000,104.85167694091797,0.23692227385278097,0.007246061563491822,0.015474960803985596,0.003592742681503296,0.02631376504898071
10100,105.8375608921051,0.16766771736073877,0.0072171008586883545,0.015481460094451904,0.0034898364543914794,0.02618839740753174
10200,106.80577802658081,0.1089664681426543,0.007215037345886231,0.015489149093627929,0.003469252586364746,0.026173439025878906
10300,107.74199795722961,0.14607614202216382,0.007270878553390503,0.01546968936920166,0.003303055763244629,0.026043623685836792
10400,108.75198101997375,0.28682715824501015,0.007222914695739746,0.015478277206420898,0.003632997274398804,0.02633418917655945
10500,109.72350597381592,0.13521020679443818,0.00728931188583374,0.015461933612823487,0.003445006608963013,0.02619625210762024
10600,110.73752284049988,0.21634995765647408,0.007252541780471802,0.015481374263763427,0.0036848676204681396,0.02641878366470337
10700,111.71391272544861,0.22400886016404453,0.007271345853805542,0.015470881462097168,0.0034525156021118163,0.026194742918014526
10800,112.70514488220215,0.2735141036993496,0.007303937673568726,0.015471986532211303,0.003566148281097412,0.026342072486877442
10900,113.69987297058105,0.14902112927882705,0.007265092134475708,0.015477266311645508,0.0035776340961456298,0.026319992542266846
11000,114.69254088401794,0.1519661072770198,0.007216969728469849,0.015490208864212035,0.0035405778884887696,0.026247756481170656
11100,115.6495909690857,0.13619078463090953,0.007251185178756714,0.015474764108657836,0.003414945602416992,0.026140894889831543
11200,116.74575805664062,0.1345582597469256,0.00720866322517395,0.01549206256866455,0.003468068838119507,0.02616879463195801
11300,117.85223603248596,0.11649479314434359,0.007216631174087524,0.015483587980270386,0.0033497297763824463,0.026049948930740356
11400,118.82124900817871,0.11174355139724369,0.007221360206604004,0.015481979846954345,0.003344079256057739,0.02604741930961609
11500,119.80325675010681,0.231508418008117,0.00720431923866272,0.015489643812179566,0.0035123538970947264,0.02620631694793701
11600,120.78756403923035,0.24472924792127468,0.0072397363185882566,0.015472241640090943,0.003478243350982666,0.026190221309661865
11700,121.72674798965454,0.11251327187838432,0.007258645296096802,0.015490221977233886,0.003341250419616699,0.026090117692947386
11800,122.63137197494507,0.13060834687670345,0.007242897748947144,0.01547611117362976,0.0031786191463470457,0.02589762806892395
11900,123.61906409263611,0.2779180867124278,0.007227374315261841,0.015491875410079957,0.00355491042137146,0.026274160146713257
12000,124.5789749622345,0.15720008186715062,0.007364223003387451,0.015446915626525878,0.003407841920852661,0.02621898055076599
12100,125.5174629688263,0.1487633689676081,0.007242827415466308,0.015472811460494996,0.0033328700065612792,0.026048508882522584
12200,126.389723777771,0.028376691472408712,0.007241076231002808,0.015480244159698486,0.0030555307865142824,0.025776851177215575
12300,127.34295082092285,0.3169999394625882,0.007302461862564087,0.015471692085266114,0.0034306252002716062,0.026204779148101806
12400,128.3150999546051,0.2619228457545458,0.007245756387710571,0.015476278066635131,0.003451594114303589,0.02617362856864929
12500,129.2541298866272,0.1435050441864446,0.0072430729866027836,0.01548608899116516,0.0033596980571746825,0.026088860034942627
12600,130.14677000045776,0.15439488098401336,0.007248032093048096,0.015487923622131347,0.003169206380844116,0.02590516209602356
12700,131.10715079307556,0.14345858358220123,0.007236648797988892,0.015478153228759766,0.003369377851486206,0.026084179878234862
12800,132.0122950077057,0.06982243532826207,0.007267084121704102,0.01547631859779358,0.003211851119995117,0.0259552538394928
12900,132.9468538761139,0.2934179123719013,0.007292104959487915,0.015473415851593017,0.0033048176765441894,0.026070338487625123
13000,133.87542605400085,0.13986709315114038,0.007252099514007568,0.015481493473052978,0.003305705785751343,0.02603929877281189
13100,134.86863899230957,0.16649592104749755,0.007261358499526978,0.015475850105285644,0.003520948886871338,0.02625815749168396
13200,135.789892911911,0.1456749177517851,0.007270339727401733,0.015478408336639405,0.003272244930267334,0.026020992994308472
13300,136.73019695281982,0.21219352960442506,0.007294269800186157,0.01546619415283203,0.003336597681045532,0.02609706163406372
13400,137.66017293930054,0.19268461344845847,0.007290687561035156,0.015472227334976196,0.0032993948459625246,0.026062309741973877
13500,138.60657405853271,0.1529591509375442,0.007211557626724243,0.015490469932556152,0.0033892107009887693,0.026091238260269167
13600,139.52026796340942,0.0881116532361487,0.00721541166305542,0.015480906963348388,0.003228158950805664,0.025924477577209473
13700,140.47630381584167,0.15686461143200223,0.007213699817657471,0.015488179922103882,0.0031907331943511964,0.02589261293411255
13800,141.474360704422,0.11687839466349342,0.007236844301223755,0.015482137203216553,0.003395761251449585,0.026114742755889892
13900,142.37479090690613,0.17070524889049282,0.007258310317993164,0.015472279787063599,0.003181635141372681,0.025912225246429443
14000,143.27940893173218,0.150403994207695,0.007245476245880127,0.015472350120544433,0.0031896841526031492,0.02590751051902771
14100,144.1702058315277,0.12786271155914208,0.007258883714675903,0.0154836106300354,0.003166353702545166,0.02590884804725647
14200,145.0859558582306,0.21032639778158374,0.007245265245437622,0.01548404574394226,0.00319749116897583,0.025926802158355713
14300,145.99651408195496,0.12084564157216433,0.007223647832870483,0.015486931800842286,0.0032292866706848146,0.025939866304397582
14400,146.88697814941406,0.18364997835217026,0.007233451604843139,0.015494794845581054,0.0031487858295440674,0.02587703227996826
14500,147.84903407096863,0.1538198230254063,0.007258844375610351,0.015479488372802734,0.0034208381175994873,0.026159170866012573
14600,148.73704504966736,0.05928157617271186,0.007278056144714356,0.015467956066131591,0.0030913758277893067,0.025837388038635254
14700,149.62348794937134,0.016805409121669116,0.0072842037677764895,0.015463385581970215,0.0030785441398620606,0.025826133489608764
14800,150.4638111591339,0.017793145590552582,0.007204537391662598,0.015480062961578368,0.0029371750354766847,0.02562177538871765
14900,151.34490180015564,0.08636588750820869,0.007225829362869263,0.015473933219909667,0.003112320899963379,0.02581208348274231
15000,152.23907780647278,0.41730206853296975,0.007273104190826416,0.015468881130218506,0.003122413158416748,0.02586439847946167